<?xml version="1.0" encoding="UTF-8"?>
<!-- Generated by org.testng.reporters.JUnitXMLReporter -->
<testsuite ignored="1" hostname="LAPTOP-53DNU0NV" failures="3" tests="36" name="Test" time="40.999" errors="0" timestamp="2022-05-20T18:07:08 IST">
  <testcase classname="Basics.Example3" name="testCase3" time="2.011"/>
  <testcase classname="Basics.Example4" name="testCase4" time="0.002"/>
  <testcase classname="Basics.Example5" name="testCase5" time="0.001"/>
  <testcase classname="Basics.Example5" name="testCase6" time="0.0"/>
  <testcase classname="Annotations.Example_Annotations3" name="verifyLogin" time="0.001"/>
  <testcase classname="Annotations.Example_Annotations3" name="createTask" time="0.001"/>
  <testcase classname="Basics.Example6" name="testCase7" time="0.001"/>
  <testcase classname="Basics.Example6" name="testCase8" time="0.0"/>
  <testcase classname="Basics.Example1" name="testCase1" time="0.001"/>
  <testcase classname="Basics.Example1" name="testCase2" time="0.0">
    <failure type="org.testng.TestNGException" message="
Parameter &amp;apos;name&amp;apos; is required by @Test on method testCase2 but has not been marked @Optional or defined
in C:\Users\kumbh\git\MyProjects\Z9 Selenium_TestNG\testng.xml">
      <![CDATA[org.testng.TestNGException: 
Parameter 'name' is required by @Test on method testCase2 but has not been marked @Optional or defined
in C:\Users\kumbh\git\MyProjects\Z9 Selenium_TestNG\testng.xml
at java.base/java.util.ArrayList.forEach(ArrayList.java:1511)
... Removed 26 stack frames]]>
    </failure>
  </testcase> <!-- testCase2 -->
  <testcase classname="Basics.Example1" name="testCase3" time="0.001"/>
  <testcase classname="Basics.Example2" name="testCase2" time="0.001"/>
  <testcase classname="Parametrs.Example_Param1" name="param1" time="0.001"/>
  <testcase classname="Parametrs.Example_Param1" name="param1" time="0.001"/>
  <testcase classname="Parametrs.Example_Param2" name="login" time="0.001"/>
  <testcase classname="Parametrs.Example_Param2" name="sendEmail" time="0.0"/>
  <testcase classname="Parametrs.Example_Param2" name="logout" time="0.0"/>
  <testcase classname="Parametrs.Example_Param3" name="param1" time="0.0"/>
  <testcase classname="Parametrs.Example_Param3" name="param3" time="0.001"/>
  <testcase classname="Parametrs.Example_Param4" name="signIn" time="0.001">
    <failure type="java.lang.ArithmeticException" message="/ by zero">
      <![CDATA[java.lang.ArithmeticException: / by zero
at Parametrs.Example_Param4.signIn(Example_Param4.java:20)
at java.base/java.util.ArrayList.forEach(ArrayList.java:1511)
... Removed 27 stack frames]]>
    </failure>
  </testcase> <!-- signIn -->
  <testcase classname="Parametrs.Example_Param4" name="login" time="0.0">
    <skipped/>
  </testcase> <!-- login -->
  <testcase classname="Parametrs.Example_Param4" name="checkNotification" time="0.0">
    <skipped/>
  </testcase> <!-- checkNotification -->
  <testcase classname="Basics.Example7" name="loginLogoutInActitimeApplication" time="12.883"/>
  <testcase classname="Basics.Example7" name="loginPageValidationInActitimeApplication" time="11.656"/>
  <testcase classname="Basics.Example8" name="loginLogoutInActitimeApplication" time="12.34"/>
  <testcase classname="Parametrs.Example_Param5" name="signIn" time="0.0"/>
  <testcase classname="Parametrs.Example_Param5" name="login" time="0.001"/>
  <testcase classname="Parametrs.Example_Param5" name="checkNotification" time="0.001"/>
  <testcase classname="Parametrs.Example_Param6" name="signIn" time="0.001"/>
  <testcase classname="Parametrs.Example_Param6" name="login" time="0.001"/>
  <testcase classname="Parametrs.Example_Param6" name="checkNotification" time="2.002">
    <failure type="org.testng.internal.thread.ThreadTimeoutException" message="Method Parametrs.Example_Param6.checkNotification() didn&amp;apos;t finish within the time-out 2000">
      <![CDATA[org.testng.internal.thread.ThreadTimeoutException: Method Parametrs.Example_Param6.checkNotification() didn't finish within the time-out 2000
at java.base/java.util.ArrayList.forEach(ArrayList.java:1511)
... Removed 24 stack frames]]>
    </failure>
  </testcase> <!-- checkNotification -->
  <testcase classname="Parametrs.Example_Param7" name="login" time="0.001"/>
  <testcase classname="Annotations.Example_Annotations2" name="verifyLogin" time="0.0"/>
  <testcase classname="Annotations.Example_Annotations2" name="createTask" time="0.001"/>
  <testcase classname="Annotations.Example_Annotations1" name="verifyLogin" time="0.001"/>
  <testcase classname="Annotations.Example_Annotations1" name="createTask" time="0.0"/>
  <testcase classname="Parametrs.Example_Param3" name="param2" time="0.0">
    <ignored/>
  </testcase> <!-- param2 -->
</testsuite> <!-- Test -->
