<html>
<head>
<title>TestNG:  Test</title>
<link href="../testng.css" rel="stylesheet" type="text/css" />
<link href="../my-testng.css" rel="stylesheet" type="text/css" />

<style type="text/css">
.log { display: none;} 
.stack-trace { display: none;} 
</style>
<script type="text/javascript">
<!--
function flip(e) {
  current = e.style.display;
  if (current == 'block') {
    e.style.display = 'none';
    return 0;
  }
  else {
    e.style.display = 'block';
    return 1;
  }
}

function toggleBox(szDivId, elem, msg1, msg2)
{
  var res = -1;  if (document.getElementById) {
    res = flip(document.getElementById(szDivId));
  }
  else if (document.all) {
    // this is the way old msie versions work
    res = flip(document.all[szDivId]);
  }
  if(elem) {
    if(res == 0) elem.innerHTML = msg1; else elem.innerHTML = msg2;
  }

}

function toggleAllBoxes() {
  if (document.getElementsByTagName) {
    d = document.getElementsByTagName('div');
    for (i = 0; i < d.length; i++) {
      if (d[i].className == 'log') {
        flip(d[i]);
      }
    }
  }
}

// -->
</script>

</head>
<body>
<h2 align='center'>Test</h2><table border='1' align="center">
<tr>
<td>Tests passed/Failed/Skipped:</td><td>31/3/2</td>
</tr><tr>
<td>Started on:</td><td>Fri May 20 18:06:27 IST 2022</td>
</tr>
<tr><td>Total time:</td><td>40 seconds (40999 ms)</td>
</tr><tr>
<td>Included groups:</td><td></td>
</tr><tr>
<td>Excluded groups:</td><td></td>
</tr>
</table><p/>
<small><i>(Hover the method name to see the test class name)</i></small><p/>
<table width='100%' border='1' class='invocation-failed'>
<tr><td colspan='4' align='center'><b>FAILED TESTS</b></td></tr>
<tr><td><b>Test method</b></td>
<td width="30%"><b>Exception</b></td>
<td width="10%"><b>Time (seconds)</b></td>
<td><b>Instance</b></td>
</tr>
<tr>
<td title='Parametrs.Example_Param4.signIn()'><b>signIn</b><br>Test class: Parametrs.Example_Param4</td>
<td><div><pre>java.lang.ArithmeticException: / by zero
	at Parametrs.Example_Param4.signIn(Example_Param4.java:20)
	at java.base/java.util.ArrayList.forEach(ArrayList.java:1511)
... Removed 27 stack frames</pre></div><a href='#' onClick='toggleBox("stack-trace1977310713", this, "Click to show all stack frames", "Click to hide stack frames")'>Click to show all stack frames</a>
<div class='stack-trace' id='stack-trace1977310713'><pre>java.lang.ArithmeticException: / by zero
	at Parametrs.Example_Param4.signIn(Example_Param4.java:20)
	at java.base/jdk.internal.reflect.NativeMethodAccessorImpl.invoke0(Native Method)
	at java.base/jdk.internal.reflect.NativeMethodAccessorImpl.invoke(NativeMethodAccessorImpl.java:77)
	at java.base/jdk.internal.reflect.DelegatingMethodAccessorImpl.invoke(DelegatingMethodAccessorImpl.java:43)
	at java.base/java.lang.reflect.Method.invoke(Method.java:568)
	at org.testng.internal.MethodInvocationHelper.invokeMethod(MethodInvocationHelper.java:133)
	at org.testng.internal.TestInvoker.invokeMethod(TestInvoker.java:598)
	at org.testng.internal.TestInvoker.invokeTestMethod(TestInvoker.java:173)
	at org.testng.internal.MethodRunner.runInSequence(MethodRunner.java:46)
	at org.testng.internal.TestInvoker$MethodInvocationAgent.invoke(TestInvoker.java:824)
	at org.testng.internal.TestInvoker.invokeTestMethods(TestInvoker.java:146)
	at org.testng.internal.TestMethodWorker.invokeTestMethods(TestMethodWorker.java:146)
	at org.testng.internal.TestMethodWorker.run(TestMethodWorker.java:128)
	at java.base/java.util.ArrayList.forEach(ArrayList.java:1511)
	at org.testng.TestRunner.privateRun(TestRunner.java:794)
	at org.testng.TestRunner.run(TestRunner.java:596)
	at org.testng.SuiteRunner.runTest(SuiteRunner.java:377)
	at org.testng.SuiteRunner.runSequentially(SuiteRunner.java:371)
	at org.testng.SuiteRunner.privateRun(SuiteRunner.java:332)
	at org.testng.SuiteRunner.run(SuiteRunner.java:276)
	at org.testng.SuiteRunnerWorker.runSuite(SuiteRunnerWorker.java:53)
	at org.testng.SuiteRunnerWorker.run(SuiteRunnerWorker.java:96)
	at org.testng.TestNG.runSuitesSequentially(TestNG.java:1212)
	at org.testng.TestNG.runSuitesLocally(TestNG.java:1134)
	at org.testng.TestNG.runSuites(TestNG.java:1063)
	at org.testng.TestNG.run(TestNG.java:1031)
	at org.testng.remote.AbstractRemoteTestNG.run(AbstractRemoteTestNG.java:115)
	at org.testng.remote.RemoteTestNG.initAndRun(RemoteTestNG.java:251)
	at org.testng.remote.RemoteTestNG.main(RemoteTestNG.java:77)
</pre></div></td>
<td>0</td>
<td>Parametrs.Example_Param4@20deea7f</td></tr>
<tr>
<td title='Parametrs.Example_Param6.checkNotification()'><b>checkNotification</b><br>Test class: Parametrs.Example_Param6</td>
<td><div><pre>org.testng.internal.thread.ThreadTimeoutException: Method Parametrs.Example_Param6.checkNotification() didn&apos;t finish within the time-out 2000
	at java.base/java.util.ArrayList.forEach(ArrayList.java:1511)
... Removed 24 stack frames</pre></div><a href='#' onClick='toggleBox("stack-trace1701646500", this, "Click to show all stack frames", "Click to hide stack frames")'>Click to show all stack frames</a>
<div class='stack-trace' id='stack-trace1701646500'><pre>org.testng.internal.thread.ThreadTimeoutException: Method Parametrs.Example_Param6.checkNotification() didn&apos;t finish within the time-out 2000
	at org.testng.internal.MethodInvocationHelper.invokeWithTimeoutWithNewExecutor(MethodInvocationHelper.java:384)
	at org.testng.internal.MethodInvocationHelper.invokeWithTimeout(MethodInvocationHelper.java:283)
	at org.testng.internal.TestInvoker.invokeMethod(TestInvoker.java:604)
	at org.testng.internal.TestInvoker.invokeTestMethod(TestInvoker.java:173)
	at org.testng.internal.MethodRunner.runInSequence(MethodRunner.java:46)
	at org.testng.internal.TestInvoker$MethodInvocationAgent.invoke(TestInvoker.java:824)
	at org.testng.internal.TestInvoker.invokeTestMethods(TestInvoker.java:146)
	at org.testng.internal.TestMethodWorker.invokeTestMethods(TestMethodWorker.java:146)
	at org.testng.internal.TestMethodWorker.run(TestMethodWorker.java:128)
	at java.base/java.util.ArrayList.forEach(ArrayList.java:1511)
	at org.testng.TestRunner.privateRun(TestRunner.java:794)
	at org.testng.TestRunner.run(TestRunner.java:596)
	at org.testng.SuiteRunner.runTest(SuiteRunner.java:377)
	at org.testng.SuiteRunner.runSequentially(SuiteRunner.java:371)
	at org.testng.SuiteRunner.privateRun(SuiteRunner.java:332)
	at org.testng.SuiteRunner.run(SuiteRunner.java:276)
	at org.testng.SuiteRunnerWorker.runSuite(SuiteRunnerWorker.java:53)
	at org.testng.SuiteRunnerWorker.run(SuiteRunnerWorker.java:96)
	at org.testng.TestNG.runSuitesSequentially(TestNG.java:1212)
	at org.testng.TestNG.runSuitesLocally(TestNG.java:1134)
	at org.testng.TestNG.runSuites(TestNG.java:1063)
	at org.testng.TestNG.run(TestNG.java:1031)
	at org.testng.remote.AbstractRemoteTestNG.run(AbstractRemoteTestNG.java:115)
	at org.testng.remote.RemoteTestNG.initAndRun(RemoteTestNG.java:251)
	at org.testng.remote.RemoteTestNG.main(RemoteTestNG.java:77)
</pre></div></td>
<td>2</td>
<td>Parametrs.Example_Param6@393671df</td></tr>
<tr>
<td title='Basics.Example1.testCase2()'><b>testCase2</b><br>Test class: Basics.Example1</td>
<td><div><pre>org.testng.TestNGException: 
Parameter &apos;name&apos; is required by @Test on method testCase2 but has not been marked @Optional or defined
in C:\Users\kumbh\git\MyProjects\Z9 Selenium_TestNG\testng.xml
	at java.base/java.util.ArrayList.forEach(ArrayList.java:1511)
... Removed 26 stack frames</pre></div><a href='#' onClick='toggleBox("stack-trace402115881", this, "Click to show all stack frames", "Click to hide stack frames")'>Click to show all stack frames</a>
<div class='stack-trace' id='stack-trace402115881'><pre>org.testng.TestNGException: 
Parameter &apos;name&apos; is required by @Test on method testCase2 but has not been marked @Optional or defined
in C:\Users\kumbh\git\MyProjects\Z9 Selenium_TestNG\testng.xml
	at org.testng.internal.Parameters.createParams(Parameters.java:270)
	at org.testng.internal.Parameters.createParametersForMethod(Parameters.java:358)
	at org.testng.internal.Parameters.createParameters(Parameters.java:700)
	at org.testng.internal.Parameters.handleParameters(Parameters.java:884)
	at org.testng.internal.Parameters.handleParameters(Parameters.java:740)
	at org.testng.internal.ParameterHandler.handleParameters(ParameterHandler.java:59)
	at org.testng.internal.ParameterHandler.createParameters(ParameterHandler.java:38)
	at org.testng.internal.TestInvoker$MethodInvocationAgent.invoke(TestInvoker.java:791)
	at org.testng.internal.TestInvoker.invokeTestMethods(TestInvoker.java:146)
	at org.testng.internal.TestMethodWorker.invokeTestMethods(TestMethodWorker.java:146)
	at org.testng.internal.TestMethodWorker.run(TestMethodWorker.java:128)
	at java.base/java.util.ArrayList.forEach(ArrayList.java:1511)
	at org.testng.TestRunner.privateRun(TestRunner.java:794)
	at org.testng.TestRunner.run(TestRunner.java:596)
	at org.testng.SuiteRunner.runTest(SuiteRunner.java:377)
	at org.testng.SuiteRunner.runSequentially(SuiteRunner.java:371)
	at org.testng.SuiteRunner.privateRun(SuiteRunner.java:332)
	at org.testng.SuiteRunner.run(SuiteRunner.java:276)
	at org.testng.SuiteRunnerWorker.runSuite(SuiteRunnerWorker.java:53)
	at org.testng.SuiteRunnerWorker.run(SuiteRunnerWorker.java:96)
	at org.testng.TestNG.runSuitesSequentially(TestNG.java:1212)
	at org.testng.TestNG.runSuitesLocally(TestNG.java:1134)
	at org.testng.TestNG.runSuites(TestNG.java:1063)
	at org.testng.TestNG.run(TestNG.java:1031)
	at org.testng.remote.AbstractRemoteTestNG.run(AbstractRemoteTestNG.java:115)
	at org.testng.remote.RemoteTestNG.initAndRun(RemoteTestNG.java:251)
	at org.testng.remote.RemoteTestNG.main(RemoteTestNG.java:77)
</pre></div></td>
<td>0</td>
<td>Basics.Example1@16ec5519</td></tr>
</table><p>
<table width='100%' border='1' class='invocation-passed'>
<tr><td colspan='4' align='center'><b>PASSED TESTS</b></td></tr>
<tr><td><b>Test method</b></td>
<td width="30%"><b>Exception</b></td>
<td width="10%"><b>Time (seconds)</b></td>
<td><b>Instance</b></td>
</tr>
<tr>
<td title='Annotations.Example_Annotations1.verifyLogin()'><b>verifyLogin</b><br>Test class: Annotations.Example_Annotations1</td>
<td></td>
<td>0</td>
<td>Annotations.Example_Annotations1@55b7a4e0</td></tr>
<tr>
<td title='Parametrs.Example_Param2.login()'><b>login</b><br>Test class: Parametrs.Example_Param2</td>
<td></td>
<td>0</td>
<td>Parametrs.Example_Param2@1ea9f6af</td></tr>
<tr>
<td title='Parametrs.Example_Param5.login()'><b>login</b><br>Test class: Parametrs.Example_Param5</td>
<td></td>
<td>0</td>
<td>Parametrs.Example_Param5@20ce78ec</td></tr>
<tr>
<td title='Basics.Example7.loginLogoutInActitimeApplication()'><b>loginLogoutInActitimeApplication</b><br>Test class: Basics.Example7</td>
<td></td>
<td>12</td>
<td>Basics.Example7@3835c46</td></tr>
<tr>
<td title='Parametrs.Example_Param3.param3()'><b>param3</b><br>Test class: Parametrs.Example_Param3</td>
<td></td>
<td>0</td>
<td>Parametrs.Example_Param3@6a192cfe</td></tr>
<tr>
<td title='Basics.Example6.testCase7()'><b>testCase7</b><br>Test class: Basics.Example6</td>
<td></td>
<td>0</td>
<td>Basics.Example6@61df66b6</td></tr>
<tr>
<td title='Basics.Example8.loginLogoutInActitimeApplication()'><b>loginLogoutInActitimeApplication</b><br>Test class: Basics.Example8</td>
<td></td>
<td>12</td>
<td>Basics.Example8@1dde4cb2</td></tr>
<tr>
<td title='Basics.Example3.testCase3()'><b>testCase3</b><br>Test class: Basics.Example3</td>
<td></td>
<td>2</td>
<td>Basics.Example3@34b7ac2f</td></tr>
<tr>
<td title='Parametrs.Example_Param5.signIn()'><b>signIn</b><br>Test class: Parametrs.Example_Param5</td>
<td><div><pre>java.lang.ArithmeticException: / by zero
	at Parametrs.Example_Param5.signIn(Example_Param5.java:20)
	at java.base/java.util.ArrayList.forEach(ArrayList.java:1511)
... Removed 27 stack frames</pre></div><a href='#' onClick='toggleBox("stack-trace1808884231", this, "Click to show all stack frames", "Click to hide stack frames")'>Click to show all stack frames</a>
<div class='stack-trace' id='stack-trace1808884231'><pre>java.lang.ArithmeticException: / by zero
	at Parametrs.Example_Param5.signIn(Example_Param5.java:20)
	at java.base/jdk.internal.reflect.NativeMethodAccessorImpl.invoke0(Native Method)
	at java.base/jdk.internal.reflect.NativeMethodAccessorImpl.invoke(NativeMethodAccessorImpl.java:77)
	at java.base/jdk.internal.reflect.DelegatingMethodAccessorImpl.invoke(DelegatingMethodAccessorImpl.java:43)
	at java.base/java.lang.reflect.Method.invoke(Method.java:568)
	at org.testng.internal.MethodInvocationHelper.invokeMethod(MethodInvocationHelper.java:133)
	at org.testng.internal.TestInvoker.invokeMethod(TestInvoker.java:598)
	at org.testng.internal.TestInvoker.invokeTestMethod(TestInvoker.java:173)
	at org.testng.internal.MethodRunner.runInSequence(MethodRunner.java:46)
	at org.testng.internal.TestInvoker$MethodInvocationAgent.invoke(TestInvoker.java:824)
	at org.testng.internal.TestInvoker.invokeTestMethods(TestInvoker.java:146)
	at org.testng.internal.TestMethodWorker.invokeTestMethods(TestMethodWorker.java:146)
	at org.testng.internal.TestMethodWorker.run(TestMethodWorker.java:128)
	at java.base/java.util.ArrayList.forEach(ArrayList.java:1511)
	at org.testng.TestRunner.privateRun(TestRunner.java:794)
	at org.testng.TestRunner.run(TestRunner.java:596)
	at org.testng.SuiteRunner.runTest(SuiteRunner.java:377)
	at org.testng.SuiteRunner.runSequentially(SuiteRunner.java:371)
	at org.testng.SuiteRunner.privateRun(SuiteRunner.java:332)
	at org.testng.SuiteRunner.run(SuiteRunner.java:276)
	at org.testng.SuiteRunnerWorker.runSuite(SuiteRunnerWorker.java:53)
	at org.testng.SuiteRunnerWorker.run(SuiteRunnerWorker.java:96)
	at org.testng.TestNG.runSuitesSequentially(TestNG.java:1212)
	at org.testng.TestNG.runSuitesLocally(TestNG.java:1134)
	at org.testng.TestNG.runSuites(TestNG.java:1063)
	at org.testng.TestNG.run(TestNG.java:1031)
	at org.testng.remote.AbstractRemoteTestNG.run(AbstractRemoteTestNG.java:115)
	at org.testng.remote.RemoteTestNG.initAndRun(RemoteTestNG.java:251)
	at org.testng.remote.RemoteTestNG.main(RemoteTestNG.java:77)
</pre></div></td>
<td>0</td>
<td>Parametrs.Example_Param5@20ce78ec</td></tr>
<tr>
<td title='Basics.Example1.testCase1()'><b>testCase1</b><br>Test class: Basics.Example1</td>
<td></td>
<td>0</td>
<td>Basics.Example1@16ec5519</td></tr>
<tr>
<td title='Basics.Example6.testCase8()'><b>testCase8</b><br>Test class: Basics.Example6</td>
<td></td>
<td>0</td>
<td>Basics.Example6@61df66b6</td></tr>
<tr>
<td title='Parametrs.Example_Param7.login()'><b>login</b><br>Test class: Parametrs.Example_Param7<br>Test method: Checking login functionality of Actitime application</td>
<td></td>
<td>0</td>
<td>Parametrs.Example_Param7@56620197</td></tr>
<tr>
<td title='Annotations.Example_Annotations1.createTask()'><b>createTask</b><br>Test class: Annotations.Example_Annotations1</td>
<td></td>
<td>0</td>
<td>Annotations.Example_Annotations1@55b7a4e0</td></tr>
<tr>
<td title='Parametrs.Example_Param3.param1()'><b>param1</b><br>Test class: Parametrs.Example_Param3</td>
<td></td>
<td>0</td>
<td>Parametrs.Example_Param3@6a192cfe</td></tr>
<tr>
<td title='Parametrs.Example_Param6.login()'><b>login</b><br>Test class: Parametrs.Example_Param6</td>
<td></td>
<td>0</td>
<td>Parametrs.Example_Param6@393671df</td></tr>
<tr>
<td title='Annotations.Example_Annotations3.verifyLogin()'><b>verifyLogin</b><br>Test class: Annotations.Example_Annotations3</td>
<td></td>
<td>0</td>
<td>Annotations.Example_Annotations3@2ef3eef9</td></tr>
<tr>
<td title='Annotations.Example_Annotations2.verifyLogin()'><b>verifyLogin</b><br>Test class: Annotations.Example_Annotations2</td>
<td></td>
<td>0</td>
<td>Annotations.Example_Annotations2@6eda5c9</td></tr>
<tr>
<td title='Parametrs.Example_Param2.logout()'><b>logout</b><br>Test class: Parametrs.Example_Param2</td>
<td></td>
<td>0</td>
<td>Parametrs.Example_Param2@1ea9f6af</td></tr>
<tr>
<td title='Annotations.Example_Annotations3.createTask()'><b>createTask</b><br>Test class: Annotations.Example_Annotations3</td>
<td></td>
<td>0</td>
<td>Annotations.Example_Annotations3@2ef3eef9</td></tr>
<tr>
<td title='Basics.Example5.testCase6()'><b>testCase6</b><br>Test class: Basics.Example5</td>
<td></td>
<td>0</td>
<td>Basics.Example5@30ee2816</td></tr>
<tr>
<td title='Annotations.Example_Annotations2.createTask()'><b>createTask</b><br>Test class: Annotations.Example_Annotations2</td>
<td></td>
<td>0</td>
<td>Annotations.Example_Annotations2@6eda5c9</td></tr>
<tr>
<td title='Parametrs.Example_Param1.param1()'><b>param1</b><br>Test class: Parametrs.Example_Param1</td>
<td></td>
<td>0</td>
<td>Parametrs.Example_Param1@188715b5</td></tr>
<tr>
<td title='Basics.Example1.testCase3()'><b>testCase3</b><br>Test class: Basics.Example1</td>
<td></td>
<td>0</td>
<td>Basics.Example1@16ec5519</td></tr>
<tr>
<td title='Basics.Example5.testCase5()'><b>testCase5</b><br>Test class: Basics.Example5</td>
<td></td>
<td>0</td>
<td>Basics.Example5@30ee2816</td></tr>
<tr>
<td title='Parametrs.Example_Param6.signIn()'><b>signIn</b><br>Test class: Parametrs.Example_Param6</td>
<td><div><pre>java.lang.ArithmeticException: / by zero
	at Parametrs.Example_Param6.signIn(Example_Param6.java:26)
	at java.base/java.util.ArrayList.forEach(ArrayList.java:1511)
... Removed 27 stack frames</pre></div><a href='#' onClick='toggleBox("stack-trace62915435", this, "Click to show all stack frames", "Click to hide stack frames")'>Click to show all stack frames</a>
<div class='stack-trace' id='stack-trace62915435'><pre>java.lang.ArithmeticException: / by zero
	at Parametrs.Example_Param6.signIn(Example_Param6.java:26)
	at java.base/jdk.internal.reflect.NativeMethodAccessorImpl.invoke0(Native Method)
	at java.base/jdk.internal.reflect.NativeMethodAccessorImpl.invoke(NativeMethodAccessorImpl.java:77)
	at java.base/jdk.internal.reflect.DelegatingMethodAccessorImpl.invoke(DelegatingMethodAccessorImpl.java:43)
	at java.base/java.lang.reflect.Method.invoke(Method.java:568)
	at org.testng.internal.MethodInvocationHelper.invokeMethod(MethodInvocationHelper.java:133)
	at org.testng.internal.TestInvoker.invokeMethod(TestInvoker.java:598)
	at org.testng.internal.TestInvoker.invokeTestMethod(TestInvoker.java:173)
	at org.testng.internal.MethodRunner.runInSequence(MethodRunner.java:46)
	at org.testng.internal.TestInvoker$MethodInvocationAgent.invoke(TestInvoker.java:824)
	at org.testng.internal.TestInvoker.invokeTestMethods(TestInvoker.java:146)
	at org.testng.internal.TestMethodWorker.invokeTestMethods(TestMethodWorker.java:146)
	at org.testng.internal.TestMethodWorker.run(TestMethodWorker.java:128)
	at java.base/java.util.ArrayList.forEach(ArrayList.java:1511)
	at org.testng.TestRunner.privateRun(TestRunner.java:794)
	at org.testng.TestRunner.run(TestRunner.java:596)
	at org.testng.SuiteRunner.runTest(SuiteRunner.java:377)
	at org.testng.SuiteRunner.runSequentially(SuiteRunner.java:371)
	at org.testng.SuiteRunner.privateRun(SuiteRunner.java:332)
	at org.testng.SuiteRunner.run(SuiteRunner.java:276)
	at org.testng.SuiteRunnerWorker.runSuite(SuiteRunnerWorker.java:53)
	at org.testng.SuiteRunnerWorker.run(SuiteRunnerWorker.java:96)
	at org.testng.TestNG.runSuitesSequentially(TestNG.java:1212)
	at org.testng.TestNG.runSuitesLocally(TestNG.java:1134)
	at org.testng.TestNG.runSuites(TestNG.java:1063)
	at org.testng.TestNG.run(TestNG.java:1031)
	at org.testng.remote.AbstractRemoteTestNG.run(AbstractRemoteTestNG.java:115)
	at org.testng.remote.RemoteTestNG.initAndRun(RemoteTestNG.java:251)
	at org.testng.remote.RemoteTestNG.main(RemoteTestNG.java:77)
</pre></div></td>
<td>0</td>
<td>Parametrs.Example_Param6@393671df</td></tr>
<tr>
<td title='Parametrs.Example_Param2.sendEmail()'><b>sendEmail</b><br>Test class: Parametrs.Example_Param2</td>
<td></td>
<td>0</td>
<td>Parametrs.Example_Param2@1ea9f6af</td></tr>
<tr>
<td title='Basics.Example4.testCase4()'><b>testCase4</b><br>Test class: Basics.Example4</td>
<td></td>
<td>0</td>
<td>Basics.Example4@c267ef4</td></tr>
<tr>
<td title='Parametrs.Example_Param1.param1()'><b>param1</b><br>Test class: Parametrs.Example_Param1</td>
<td></td>
<td>0</td>
<td>Parametrs.Example_Param1@188715b5</td></tr>
<tr>
<td title='Basics.Example7.loginPageValidationInActitimeApplication()'><b>loginPageValidationInActitimeApplication</b><br>Test class: Basics.Example7</td>
<td></td>
<td>11</td>
<td>Basics.Example7@3835c46</td></tr>
<tr>
<td title='Parametrs.Example_Param5.checkNotification()'><b>checkNotification</b><br>Test class: Parametrs.Example_Param5</td>
<td></td>
<td>0</td>
<td>Parametrs.Example_Param5@20ce78ec</td></tr>
<tr>
<td title='Basics.Example2.testCase2()'><b>testCase2</b><br>Test class: Basics.Example2</td>
<td></td>
<td>0</td>
<td>Basics.Example2@2f7298b</td></tr>
</table><p>
<table width='100%' border='1' class='invocation-skipped'>
<tr><td colspan='4' align='center'><b>SKIPPED TESTS</b></td></tr>
<tr><td><b>Test method</b></td>
<td width="30%"><b>Exception</b></td>
<td width="10%"><b>Time (seconds)</b></td>
<td><b>Instance</b></td>
</tr>
<tr>
<td title='Parametrs.Example_Param4.checkNotification()'><b>checkNotification</b><br>Test class: Parametrs.Example_Param4</td>
<td><div><pre>java.lang.Throwable: Method Example_Param4.checkNotification()[pri:0, instance:Parametrs.Example_Param4@20deea7f] depends on not successfully finished methods
	at java.base/java.util.ArrayList.forEach(ArrayList.java:1511)
... Removed 18 stack frames</pre></div><a href='#' onClick='toggleBox("stack-trace689745064", this, "Click to show all stack frames", "Click to hide stack frames")'>Click to show all stack frames</a>
<div class='stack-trace' id='stack-trace689745064'><pre>java.lang.Throwable: Method Example_Param4.checkNotification()[pri:0, instance:Parametrs.Example_Param4@20deea7f] depends on not successfully finished methods
	at org.testng.internal.TestInvoker.invokeTestMethods(TestInvoker.java:102)
	at org.testng.internal.TestMethodWorker.invokeTestMethods(TestMethodWorker.java:146)
	at org.testng.internal.TestMethodWorker.run(TestMethodWorker.java:128)
	at java.base/java.util.ArrayList.forEach(ArrayList.java:1511)
	at org.testng.TestRunner.privateRun(TestRunner.java:794)
	at org.testng.TestRunner.run(TestRunner.java:596)
	at org.testng.SuiteRunner.runTest(SuiteRunner.java:377)
	at org.testng.SuiteRunner.runSequentially(SuiteRunner.java:371)
	at org.testng.SuiteRunner.privateRun(SuiteRunner.java:332)
	at org.testng.SuiteRunner.run(SuiteRunner.java:276)
	at org.testng.SuiteRunnerWorker.runSuite(SuiteRunnerWorker.java:53)
	at org.testng.SuiteRunnerWorker.run(SuiteRunnerWorker.java:96)
	at org.testng.TestNG.runSuitesSequentially(TestNG.java:1212)
	at org.testng.TestNG.runSuitesLocally(TestNG.java:1134)
	at org.testng.TestNG.runSuites(TestNG.java:1063)
	at org.testng.TestNG.run(TestNG.java:1031)
	at org.testng.remote.AbstractRemoteTestNG.run(AbstractRemoteTestNG.java:115)
	at org.testng.remote.RemoteTestNG.initAndRun(RemoteTestNG.java:251)
	at org.testng.remote.RemoteTestNG.main(RemoteTestNG.java:77)
</pre></div></td>
<td>0</td>
<td>Parametrs.Example_Param4@20deea7f</td></tr>
<tr>
<td title='Parametrs.Example_Param4.login()'><b>login</b><br>Test class: Parametrs.Example_Param4</td>
<td><div><pre>java.lang.Throwable: Method Example_Param4.login()[pri:0, instance:Parametrs.Example_Param4@20deea7f] depends on not successfully finished methods
	at java.base/java.util.ArrayList.forEach(ArrayList.java:1511)
... Removed 18 stack frames</pre></div><a href='#' onClick='toggleBox("stack-trace1169474473", this, "Click to show all stack frames", "Click to hide stack frames")'>Click to show all stack frames</a>
<div class='stack-trace' id='stack-trace1169474473'><pre>java.lang.Throwable: Method Example_Param4.login()[pri:0, instance:Parametrs.Example_Param4@20deea7f] depends on not successfully finished methods
	at org.testng.internal.TestInvoker.invokeTestMethods(TestInvoker.java:102)
	at org.testng.internal.TestMethodWorker.invokeTestMethods(TestMethodWorker.java:146)
	at org.testng.internal.TestMethodWorker.run(TestMethodWorker.java:128)
	at java.base/java.util.ArrayList.forEach(ArrayList.java:1511)
	at org.testng.TestRunner.privateRun(TestRunner.java:794)
	at org.testng.TestRunner.run(TestRunner.java:596)
	at org.testng.SuiteRunner.runTest(SuiteRunner.java:377)
	at org.testng.SuiteRunner.runSequentially(SuiteRunner.java:371)
	at org.testng.SuiteRunner.privateRun(SuiteRunner.java:332)
	at org.testng.SuiteRunner.run(SuiteRunner.java:276)
	at org.testng.SuiteRunnerWorker.runSuite(SuiteRunnerWorker.java:53)
	at org.testng.SuiteRunnerWorker.run(SuiteRunnerWorker.java:96)
	at org.testng.TestNG.runSuitesSequentially(TestNG.java:1212)
	at org.testng.TestNG.runSuitesLocally(TestNG.java:1134)
	at org.testng.TestNG.runSuites(TestNG.java:1063)
	at org.testng.TestNG.run(TestNG.java:1031)
	at org.testng.remote.AbstractRemoteTestNG.run(AbstractRemoteTestNG.java:115)
	at org.testng.remote.RemoteTestNG.initAndRun(RemoteTestNG.java:251)
	at org.testng.remote.RemoteTestNG.main(RemoteTestNG.java:77)
</pre></div></td>
<td>0</td>
<td>Parametrs.Example_Param4@20deea7f</td></tr>
</table><p>
</body>
</html>